[01m[K/home/rosdev/ros2_ws/src/rvio2/src/rvio2/InputBuffer.cc:22:10:[m[K [01;31m[Kfatal error: [m[K../util/numerics.h: No such file or directory
   22 | #include [01;31m[K"../util/numerics.h"[m[K
      |          [01;31m[K^~~~~~~~~~~~~~~~~~~~[m[K
compilation terminated.
gmake[2]: *** [CMakeFiles/rvio2.dir/build.make:146: CMakeFiles/rvio2.dir/src/rvio2/InputBuffer.cc.o] Error 1
gmake[2]: *** Waiting for unfinished jobs....
In file included from [01m[K/home/rosdev/ros2_ws/src/rvio2/src/rvio2/Propagator.cc:22[m[K:
[01m[K/home/rosdev/ros2_ws/src/rvio2/src/rvio2/Propagator.h:31:10:[m[K [01;31m[Kfatal error: [m[K../util/numerics.h: No such file or directory
   31 | #include [01;31m[K"../util/numerics.h"[m[K
      |          [01;31m[K^~~~~~~~~~~~~~~~~~~~[m[K
compilation terminated.
gmake[2]: *** [CMakeFiles/rvio2.dir/build.make:132: CMakeFiles/rvio2.dir/src/rvio2/Propagator.cc.o] Error 1
[01m[K/home/rosdev/ros2_ws/src/rvio2/src/rvio2/Tracker.cc:28:10:[m[K [01;31m[Kfatal error: [m[K../util/numerics.h: No such file or directory
   28 | #include [01;31m[K"../util/numerics.h"[m[K
      |          [01;31m[K^~~~~~~~~~~~~~~~~~~~[m[K
compilation terminated.
gmake[2]: *** [CMakeFiles/rvio2.dir/build.make:104: CMakeFiles/rvio2.dir/src/rvio2/Tracker.cc.o] Error 1
[01m[K/home/rosdev/ros2_ws/src/rvio2/src/rvio2/Updater.cc:26:10:[m[K [01;31m[Kfatal error: [m[K../util/numerics.h: No such file or directory
   26 | #include [01;31m[K"../util/numerics.h"[m[K
      |          [01;31m[K^~~~~~~~~~~~~~~~~~~~[m[K
compilation terminated.
gmake[2]: *** [CMakeFiles/rvio2.dir/build.make:118: CMakeFiles/rvio2.dir/src/rvio2/Updater.cc.o] Error 1
In file included from [01m[K/home/rosdev/ros2_ws/src/rvio2/src/rvio2/System.h:42[m[K,
                 from [01m[K/home/rosdev/ros2_ws/src/rvio2/src/rvio2/System.cc:36[m[K:
[01m[K/home/rosdev/ros2_ws/src/rvio2/src/rvio2/Propagator.h:31:10:[m[K [01;31m[Kfatal error: [m[K../util/numerics.h: No such file or directory
   31 | #include [01;31m[K"../util/numerics.h"[m[K
      |          [01;31m[K^~~~~~~~~~~~~~~~~~~~[m[K
compilation terminated.
gmake[2]: *** [CMakeFiles/rvio2.dir/build.make:76: CMakeFiles/rvio2.dir/src/rvio2/System.cc.o] Error 1
gmake[1]: *** [CMakeFiles/Makefile2:139: CMakeFiles/rvio2.dir/all] Error 2
gmake: *** [Makefile:146: all] Error 2
