-- Build type: Release
-- Found ament_cmake: 1.3.11 (/opt/ros/humble/share/ament_cmake/cmake)
-- Found rclcpp: 16.0.11 (/opt/ros/humble/share/rclcpp/cmake)
-- Found rosidl_generator_c: 3.1.6 (/opt/ros/humble/share/rosidl_generator_c/cmake)
-- Found rosidl_adapter: 3.1.6 (/opt/ros/humble/share/rosidl_adapter/cmake)
-- Found rosidl_generator_cpp: 3.1.6 (/opt/ros/humble/share/rosidl_generator_cpp/cmake)
-- Using all available rosidl_typesupport_c: rosidl_typesupport_fastrtps_c;rosidl_typesupport_introspection_c
-- Using all available rosidl_typesupport_cpp: rosidl_typesupport_fastrtps_cpp;rosidl_typesupport_introspection_cpp
-- Found rmw_implementation_cmake: 6.1.2 (/opt/ros/humble/share/rmw_implementation_cmake/cmake)
-- Found rmw_fastrtps_cpp: 6.2.7 (/opt/ros/humble/share/rmw_fastrtps_cpp/cmake)
-- Using RMW implementation 'rmw_fastrtps_cpp' as default
-- Found sensor_msgs: 4.2.4 (/opt/ros/humble/share/sensor_msgs/cmake)
-- Found visualization_msgs: 4.2.4 (/opt/ros/humble/share/visualization_msgs/cmake)
-- Found nav_msgs: 4.2.4 (/opt/ros/humble/share/nav_msgs/cmake)
-- Found tf2: 0.25.12 (/opt/ros/humble/share/tf2/cmake)
-- Found tf2_ros: 0.25.12 (/opt/ros/humble/share/tf2_ros/cmake)
-- Found rosbag2_cpp: 0.15.13 (/opt/ros/humble/share/rosbag2_cpp/cmake)
-- Found rosbag2_transport: 0.15.13 (/opt/ros/humble/share/rosbag2_transport/cmake)
-- Found cv_bridge: 3.2.1 (/opt/ros/humble/share/cv_bridge/cmake)
-- Found OpenCV: /usr (found suitable version "4.5.4", minimum required is "4") 
-- Configuring done
-- Generating done
-- Build files have been written to: /home/rosdev/ros2_ws/build/rvio2
[ 27%] [32mBuilding CXX object CMakeFiles/rvio2.dir/src/rvio2/System.cc.o[0m
[ 27%] [32mBuilding CXX object CMakeFiles/rvio2.dir/src/rvio2/Ransac.cc.o[0m
[ 27%] [32mBuilding CXX object CMakeFiles/rvio2.dir/src/rvio2/Tracker.cc.o[0m
[ 45%] [32mBuilding CXX object CMakeFiles/rvio2.dir/src/rvio2/Updater.cc.o[0m
[ 45%] [32mBuilding CXX object CMakeFiles/rvio2.dir/src/rvio2/InputBuffer.cc.o[0m
[ 54%] [32mBuilding CXX object CMakeFiles/rvio2.dir/src/rvio2/Propagator.cc.o[0m
[ 72%] [32mBuilding CXX object CMakeFiles/rvio2.dir/src/rvio2/FeatureDetector.cc.o[0m
[ 72%] [32mBuilding CXX object CMakeFiles/rvio2.dir/src/rvio2/Feature.cc.o[0m
[01m[K/home/rosdev/ros2_ws/src/rvio2/src/rvio2/InputBuffer.cc:22:10:[m[K [01;31m[Kfatal error: [m[K../util/numerics.h: No such file or directory
   22 | #include [01;31m[K"../util/numerics.h"[m[K
      |          [01;31m[K^~~~~~~~~~~~~~~~~~~~[m[K
compilation terminated.
gmake[2]: *** [CMakeFiles/rvio2.dir/build.make:146: CMakeFiles/rvio2.dir/src/rvio2/InputBuffer.cc.o] Error 1
gmake[2]: *** Waiting for unfinished jobs....
In file included from [01m[K/home/rosdev/ros2_ws/src/rvio2/src/rvio2/Propagator.cc:22[m[K:
[01m[K/home/rosdev/ros2_ws/src/rvio2/src/rvio2/Propagator.h:31:10:[m[K [01;31m[Kfatal error: [m[K../util/numerics.h: No such file or directory
   31 | #include [01;31m[K"../util/numerics.h"[m[K
      |          [01;31m[K^~~~~~~~~~~~~~~~~~~~[m[K
compilation terminated.
gmake[2]: *** [CMakeFiles/rvio2.dir/build.make:132: CMakeFiles/rvio2.dir/src/rvio2/Propagator.cc.o] Error 1
[01m[K/home/rosdev/ros2_ws/src/rvio2/src/rvio2/Tracker.cc:28:10:[m[K [01;31m[Kfatal error: [m[K../util/numerics.h: No such file or directory
   28 | #include [01;31m[K"../util/numerics.h"[m[K
      |          [01;31m[K^~~~~~~~~~~~~~~~~~~~[m[K
compilation terminated.
gmake[2]: *** [CMakeFiles/rvio2.dir/build.make:104: CMakeFiles/rvio2.dir/src/rvio2/Tracker.cc.o] Error 1
[01m[K/home/rosdev/ros2_ws/src/rvio2/src/rvio2/Updater.cc:26:10:[m[K [01;31m[Kfatal error: [m[K../util/numerics.h: No such file or directory
   26 | #include [01;31m[K"../util/numerics.h"[m[K
      |          [01;31m[K^~~~~~~~~~~~~~~~~~~~[m[K
compilation terminated.
gmake[2]: *** [CMakeFiles/rvio2.dir/build.make:118: CMakeFiles/rvio2.dir/src/rvio2/Updater.cc.o] Error 1
In file included from [01m[K/home/rosdev/ros2_ws/src/rvio2/src/rvio2/System.h:42[m[K,
                 from [01m[K/home/rosdev/ros2_ws/src/rvio2/src/rvio2/System.cc:36[m[K:
[01m[K/home/rosdev/ros2_ws/src/rvio2/src/rvio2/Propagator.h:31:10:[m[K [01;31m[Kfatal error: [m[K../util/numerics.h: No such file or directory
   31 | #include [01;31m[K"../util/numerics.h"[m[K
      |          [01;31m[K^~~~~~~~~~~~~~~~~~~~[m[K
compilation terminated.
gmake[2]: *** [CMakeFiles/rvio2.dir/build.make:76: CMakeFiles/rvio2.dir/src/rvio2/System.cc.o] Error 1
gmake[1]: *** [CMakeFiles/Makefile2:139: CMakeFiles/rvio2.dir/all] Error 2
gmake: *** [Makefile:146: all] Error 2
