[0.016s] Invoking command in '/home/rosdev/ros2_ws/build/rvio2': CMAKE_PREFIX_PATH=/opt/ros/humble /usr/bin/cmake /home/rosdev/ros2_ws/src/rvio2 -DCMAKE_INSTALL_PREFIX=/home/rosdev/ros2_ws/install/rvio2
[0.029s] -- Build type: Release
[0.030s] -- Found ament_cmake: 1.3.11 (/opt/ros/humble/share/ament_cmake/cmake)
[0.154s] -- Found rclcpp: 16.0.11 (/opt/ros/humble/share/rclcpp/cmake)
[0.182s] -- Found rosidl_generator_c: 3.1.6 (/opt/ros/humble/share/rosidl_generator_c/cmake)
[0.184s] -- Found rosidl_adapter: 3.1.6 (/opt/ros/humble/share/rosidl_adapter/cmake)
[0.190s] -- Found rosidl_generator_cpp: 3.1.6 (/opt/ros/humble/share/rosidl_generator_cpp/cmake)
[0.200s] -- Using all available rosidl_typesupport_c: rosidl_typesupport_fastrtps_c;rosidl_typesupport_introspection_c
[0.212s] -- Using all available rosidl_typesupport_cpp: rosidl_typesupport_fastrtps_cpp;rosidl_typesupport_introspection_cpp
[0.246s] -- Found rmw_implementation_cmake: 6.1.2 (/opt/ros/humble/share/rmw_implementation_cmake/cmake)
[0.247s] -- Found rmw_fastrtps_cpp: 6.2.7 (/opt/ros/humble/share/rmw_fastrtps_cpp/cmake)
[0.342s] -- Using RMW implementation 'rmw_fastrtps_cpp' as default
[0.393s] -- Found sensor_msgs: 4.2.4 (/opt/ros/humble/share/sensor_msgs/cmake)
[0.423s] -- Found visualization_msgs: 4.2.4 (/opt/ros/humble/share/visualization_msgs/cmake)
[0.443s] -- Found nav_msgs: 4.2.4 (/opt/ros/humble/share/nav_msgs/cmake)
[0.459s] -- Found tf2: 0.25.12 (/opt/ros/humble/share/tf2/cmake)
[0.464s] -- Found tf2_ros: 0.25.12 (/opt/ros/humble/share/tf2_ros/cmake)
[0.545s] -- Found rosbag2_cpp: 0.15.13 (/opt/ros/humble/share/rosbag2_cpp/cmake)
[0.564s] -- Found rosbag2_transport: 0.15.13 (/opt/ros/humble/share/rosbag2_transport/cmake)
[0.588s] -- Found cv_bridge: 3.2.1 (/opt/ros/humble/share/cv_bridge/cmake)
[0.614s] -- Found OpenCV: /usr (found suitable version "4.5.4", minimum required is "4") 
[0.693s] -- Configuring done
[0.739s] -- Generating done
[0.751s] -- Build files have been written to: /home/rosdev/ros2_ws/build/rvio2
[0.762s] Invoked command in '/home/rosdev/ros2_ws/build/rvio2' returned '0': CMAKE_PREFIX_PATH=/opt/ros/humble /usr/bin/cmake /home/rosdev/ros2_ws/src/rvio2 -DCMAKE_INSTALL_PREFIX=/home/rosdev/ros2_ws/install/rvio2
[0.765s] Invoking command in '/home/rosdev/ros2_ws/build/rvio2': CMAKE_PREFIX_PATH=/opt/ros/humble /usr/bin/cmake --build /home/rosdev/ros2_ws/build/rvio2 -- -j16 -l16
[0.822s] [ 27%] [32mBuilding CXX object CMakeFiles/rvio2.dir/src/rvio2/System.cc.o[0m
[0.822s] [ 27%] [32mBuilding CXX object CMakeFiles/rvio2.dir/src/rvio2/Ransac.cc.o[0m
[0.822s] [ 27%] [32mBuilding CXX object CMakeFiles/rvio2.dir/src/rvio2/Tracker.cc.o[0m
[0.822s] [ 45%] [32mBuilding CXX object CMakeFiles/rvio2.dir/src/rvio2/Updater.cc.o[0m
[0.823s] [ 45%] [32mBuilding CXX object CMakeFiles/rvio2.dir/src/rvio2/InputBuffer.cc.o[0m
[0.823s] [ 54%] [32mBuilding CXX object CMakeFiles/rvio2.dir/src/rvio2/Propagator.cc.o[0m
[0.824s] [ 72%] [32mBuilding CXX object CMakeFiles/rvio2.dir/src/rvio2/FeatureDetector.cc.o[0m
[0.824s] [ 72%] [32mBuilding CXX object CMakeFiles/rvio2.dir/src/rvio2/Feature.cc.o[0m
[1.757s] [01m[K/home/rosdev/ros2_ws/src/rvio2/src/rvio2/InputBuffer.cc:22:10:[m[K [01;31m[Kfatal error: [m[K../util/numerics.h: No such file or directory
[1.757s]    22 | #include [01;31m[K"../util/numerics.h"[m[K
[1.757s]       |          [01;31m[K^~~~~~~~~~~~~~~~~~~~[m[K
[1.757s] compilation terminated.
[1.763s] gmake[2]: *** [CMakeFiles/rvio2.dir/build.make:146: CMakeFiles/rvio2.dir/src/rvio2/InputBuffer.cc.o] Error 1
[1.763s] gmake[2]: *** Waiting for unfinished jobs....
[1.898s] In file included from [01m[K/home/rosdev/ros2_ws/src/rvio2/src/rvio2/Propagator.cc:22[m[K:
[1.898s] [01m[K/home/rosdev/ros2_ws/src/rvio2/src/rvio2/Propagator.h:31:10:[m[K [01;31m[Kfatal error: [m[K../util/numerics.h: No such file or directory
[1.898s]    31 | #include [01;31m[K"../util/numerics.h"[m[K
[1.898s]       |          [01;31m[K^~~~~~~~~~~~~~~~~~~~[m[K
[1.898s] compilation terminated.
[1.904s] gmake[2]: *** [CMakeFiles/rvio2.dir/build.make:132: CMakeFiles/rvio2.dir/src/rvio2/Propagator.cc.o] Error 1
[2.029s] [01m[K/home/rosdev/ros2_ws/src/rvio2/src/rvio2/Tracker.cc:28:10:[m[K [01;31m[Kfatal error: [m[K../util/numerics.h: No such file or directory
[2.030s]    28 | #include [01;31m[K"../util/numerics.h"[m[K
[2.030s]       |          [01;31m[K^~~~~~~~~~~~~~~~~~~~[m[K
[2.030s] compilation terminated.
[2.036s] gmake[2]: *** [CMakeFiles/rvio2.dir/build.make:104: CMakeFiles/rvio2.dir/src/rvio2/Tracker.cc.o] Error 1
[2.121s] [01m[K/home/rosdev/ros2_ws/src/rvio2/src/rvio2/Updater.cc:26:10:[m[K [01;31m[Kfatal error: [m[K../util/numerics.h: No such file or directory
[2.121s]    26 | #include [01;31m[K"../util/numerics.h"[m[K
[2.121s]       |          [01;31m[K^~~~~~~~~~~~~~~~~~~~[m[K
[2.121s] compilation terminated.
[2.126s] gmake[2]: *** [CMakeFiles/rvio2.dir/build.make:118: CMakeFiles/rvio2.dir/src/rvio2/Updater.cc.o] Error 1
[2.198s] In file included from [01m[K/home/rosdev/ros2_ws/src/rvio2/src/rvio2/System.h:42[m[K,
[2.199s]                  from [01m[K/home/rosdev/ros2_ws/src/rvio2/src/rvio2/System.cc:36[m[K:
[2.199s] [01m[K/home/rosdev/ros2_ws/src/rvio2/src/rvio2/Propagator.h:31:10:[m[K [01;31m[Kfatal error: [m[K../util/numerics.h: No such file or directory
[2.199s]    31 | #include [01;31m[K"../util/numerics.h"[m[K
[2.199s]       |          [01;31m[K^~~~~~~~~~~~~~~~~~~~[m[K
[2.199s] compilation terminated.
[2.204s] gmake[2]: *** [CMakeFiles/rvio2.dir/build.make:76: CMakeFiles/rvio2.dir/src/rvio2/System.cc.o] Error 1
[10.979s] gmake[1]: *** [CMakeFiles/Makefile2:139: CMakeFiles/rvio2.dir/all] Error 2
[10.979s] gmake: *** [Makefile:146: all] Error 2
[10.986s] Invoked command in '/home/rosdev/ros2_ws/build/rvio2' returned '2': CMAKE_PREFIX_PATH=/opt/ros/humble /usr/bin/cmake --build /home/rosdev/ros2_ws/build/rvio2 -- -j16 -l16
